INFO:__main__:Using custom task weights: {'churn': 1.0, 'category_propensity': 0.0, 'product_propensity': 0.0}
INFO:ubt_solution.config:Using CUDA version: 11.8
INFO:ubt_solution.data_processor:内存使用情况 [初始化数据集开始] - RSS: 547.70 MB, VMS: 23750.73 MB
INFO:ubt_solution.data_processor:正在加载相关用户ID，文件路径: /data/mhwang/Rec/RecSys/recsys2025/data/input/relevant_clients.npy
INFO:ubt_solution.data_processor:测试模式：只处理前 10000 个用户
INFO:ubt_solution.data_processor:系统可用内存: 330.71 GB
INFO:ubt_solution.data_processor:根据系统内存自动设置块大小为: 20000
INFO:ubt_solution.data_processor:将用户分成 1 个块进行处理，每块大约 20000 个用户
INFO:ubt_solution.data_processor:内存使用情况 [开始分块加载事件数据] - RSS: 555.58 MB, VMS: 23758.36 MB
INFO:ubt_solution.data_processor:处理用户块 1/1
INFO:ubt_solution.data_processor:开始并行加载当前块的事件数据...
INFO:ubt_solution.data_processor:正在加载 product_buy 数据，文件路径: /data/mhwang/Rec/RecSys/recsys2025/data/product_buy.parquet
INFO:ubt_solution.data_processor:正在加载 add_to_cart 数据，文件路径: /data/mhwang/Rec/RecSys/recsys2025/data/add_to_cart.parquet
INFO:ubt_solution.data_processor:正在加载 remove_from_cart 数据，文件路径: /data/mhwang/Rec/RecSys/recsys2025/data/remove_from_cart.parquet
INFO:ubt_solution.data_processor:正在加载 page_visit 数据，文件路径: /data/mhwang/Rec/RecSys/recsys2025/data/page_visit.parquet
INFO:ubt_solution.data_processor:正在加载 search_query 数据，文件路径: /data/mhwang/Rec/RecSys/recsys2025/data/search_query.parquet
INFO:ubt_solution.data_processor:remove_from_cart 数据加载完成，形状: (39490, 4)
INFO:ubt_solution.data_processor:product_buy 数据加载完成，形状: (44985, 4)
INFO:ubt_solution.data_processor:add_to_cart 数据加载完成，形状: (87008, 4)
INFO:ubt_solution.data_processor:search_query 数据加载完成，形状: (156434, 5)
